time="2022-08-19T22:52:55+09:00" level=info msg="read application config" func="config.go:40" file="hyneo/internal/config.GetConfig.func1()"
time="2022-08-19T22:53:55+09:00" level=info msg="read application config" func="config.go:40" file="hyneo/internal/config.GetConfig.func1()"
time="2022-08-19T22:54:39+09:00" level=info msg="read application config" func="config.go:40" file="hyneo/internal/config.GetConfig.func1()"
time="2022-08-19T22:54:42+09:00" level=info msg="started services" func="main.go:29" file="main.main()"
time="2022-08-19T22:56:55+09:00" level=info msg="read application config" func="config.go:40" file="hyneo/internal/config.GetConfig.func1()"
time="2022-08-19T22:56:56+09:00" level=info msg="started services" func="main.go:29" file="main.main()"
time="2022-08-19T22:57:40+09:00" level=info msg="read application config" func="config.go:40" file="hyneo/internal/config.GetConfig.func1()"
time="2022-08-19T22:57:41+09:00" level=info msg="started services" func="main.go:29" file="main.main()"
time="2022-08-19T22:58:12+09:00" level=info msg="read application config" func="config.go:40" file="hyneo/internal/config.GetConfig.func1()"
time="2022-08-19T22:58:13+09:00" level=info msg="started services" func="main.go:31" file="main.main()"
time="2022-08-19T22:59:04+09:00" level=info msg="read application config" func="config.go:40" file="hyneo/internal/config.GetConfig.func1()"
time="2022-08-19T22:59:05+09:00" level=info msg="started services" func="main.go:31" file="main.main()"
time="2022-08-19T23:00:49+09:00" level=info msg="read application config" func="config.go:40" file="hyneo/internal/config.GetConfig.func1()"
time="2022-08-19T23:02:51+09:00" level=info msg="read application config" func="config.go:40" file="hyneo/internal/config.GetConfig.func1()"
time="2022-08-19T23:03:19+09:00" level=info msg="read application config" func="config.go:40" file="hyneo/internal/config.GetConfig.func1()"
time="2022-08-19T23:04:32+09:00" level=info msg="read application config" func="config.go:40" file="hyneo/internal/config.GetConfig.func1()"
time="2022-08-20T19:01:29+09:00" level=info msg="read application config" func="config.go:47" file="hyneo/internal/config.GetConfig.func1()"
time="2022-08-20T19:01:29+09:00" level=fatal msg="dial tcp :0: connect: can't assign requested address" func="main.go:32" file="main.main()"
time="2022-08-20T19:07:35+09:00" level=info msg="read application config" func="config.go:47" file="hyneo/internal/config.GetConfig.func1()"
time="2022-08-20T19:08:39+09:00" level=info msg="read application config" func="config.go:47" file="hyneo/internal/config.GetConfig.func1()"
time="2022-08-20T19:14:47+09:00" level=info msg="read application config" func="config.go:47" file="hyneo/internal/config.GetConfig.func1()"
time="2022-08-20T19:15:16+09:00" level=info msg="read application config" func="config.go:47" file="hyneo/internal/config.GetConfig.func1()"
time="2022-08-20T19:15:31+09:00" level=info msg="read application config" func="config.go:47" file="hyneo/internal/config.GetConfig.func1()"
time="2022-08-20T19:27:05+09:00" level=info msg="read application config" func="config.go:47" file="hyneo/internal/config.GetConfig.func1()"
time="2022-08-20T19:29:10+09:00" level=info msg="read application config" func="config.go:47" file="hyneo/internal/config.GetConfig.func1()"
time="2022-08-20T19:30:33+09:00" level=info msg="read application config" func="config.go:47" file="hyneo/internal/config.GetConfig.func1()"
time="2022-08-20T19:33:55+09:00" level=info msg="read application config" func="config.go:47" file="hyneo/internal/config.GetConfig.func1()"
time="2022-08-20T19:35:42+09:00" level=info msg="read application config" func="config.go:47" file="hyneo/internal/config.GetConfig.func1()"
time="2022-08-20T19:36:45+09:00" level=info msg="read application config" func="config.go:47" file="hyneo/internal/config.GetConfig.func1()"
time="2022-08-20T19:37:05+09:00" level=info msg="read application config" func="config.go:47" file="hyneo/internal/config.GetConfig.func1()"
time="2022-08-20T19:37:42+09:00" level=info msg="read application config" func="config.go:47" file="hyneo/internal/config.GetConfig.func1()"
time="2022-08-20T19:38:08+09:00" level=info msg="read application config" func="config.go:47" file="hyneo/internal/config.GetConfig.func1()"
time="2022-08-20T19:38:27+09:00" level=info msg="read application config" func="config.go:47" file="hyneo/internal/config.GetConfig.func1()"
time="2022-08-20T21:04:58+09:00" level=info msg="read application config" func="config.go:47" file="hyneo/internal/config.GetConfig.func1()"
time="2022-08-20T21:06:44+09:00" level=info msg="read application config" func="config.go:47" file="hyneo/internal/config.GetConfig.func1()"
time="2022-08-20T21:09:26+09:00" level=info msg="read application config" func="config.go:47" file="hyneo/internal/config.GetConfig.func1()"
time="2022-08-20T21:10:34+09:00" level=info msg="read application config" func="config.go:47" file="hyneo/internal/config.GetConfig.func1()"
time="2022-08-20T21:12:28+09:00" level=info msg="read application config" func="config.go:47" file="hyneo/internal/config.GetConfig.func1()"
time="2022-08-20T21:13:19+09:00" level=info msg="read application config" func="config.go:47" file="hyneo/internal/config.GetConfig.func1()"
time="2022-08-20T21:16:42+09:00" level=info msg="read application config" func="config.go:47" file="hyneo/internal/config.GetConfig.func1()"
time="2022-08-20T21:17:34+09:00" level=info msg="read application config" func="config.go:47" file="hyneo/internal/config.GetConfig.func1()"
time="2022-08-20T21:18:53+09:00" level=info msg="read application config" func="config.go:47" file="hyneo/internal/config.GetConfig.func1()"
time="2022-08-20T21:19:16+09:00" level=info msg="read application config" func="config.go:47" file="hyneo/internal/config.GetConfig.func1()"
time="2022-08-20T21:20:32+09:00" level=info msg="read application config" func="config.go:47" file="hyneo/internal/config.GetConfig.func1()"
time="2022-08-20T21:21:16+09:00" level=info msg="read application config" func="config.go:47" file="hyneo/internal/config.GetConfig.func1()"
time="2022-08-20T21:23:06+09:00" level=info msg="read application config" func="config.go:47" file="hyneo/internal/config.GetConfig.func1()"
time="2022-08-20T21:24:54+09:00" level=info msg="read application config" func="config.go:47" file="hyneo/internal/config.GetConfig.func1()"
time="2022-08-20T21:25:03+09:00" level=info msg="read application config" func="config.go:47" file="hyneo/internal/config.GetConfig.func1()"
time="2022-08-20T21:32:12+09:00" level=info msg="read application config" func="config.go:47" file="hyneo/internal/config.GetConfig.func1()"
time="2022-08-20T21:37:30+09:00" level=info msg="read application config" func="config.go:47" file="hyneo/internal/config.GetConfig.func1()"
time="2022-08-20T21:44:55+09:00" level=info msg="read application config" func="config.go:47" file="hyneo/internal/config.GetConfig.func1()"
time="2022-08-20T21:56:43+09:00" level=info msg="read application config" func="config.go:47" file="hyneo/internal/config.GetConfig.func1()"
time="2022-08-21T11:22:24+09:00" level=info msg="read application config" func="config.go:47" file="hyneo/internal/config.GetConfig.func1()"
time="2022-08-21T11:22:51+09:00" level=info msg="read application config" func="config.go:47" file="hyneo/internal/config.GetConfig.func1()"
time="2022-08-21T11:26:48+09:00" level=info msg="read application config" func="config.go:47" file="hyneo/internal/config.GetConfig.func1()"
time="2022-08-21T11:27:12+09:00" level=info msg="read application config" func="config.go:47" file="hyneo/internal/config.GetConfig.func1()"
time="2022-08-21T11:30:18+09:00" level=info msg="read application config" func="config.go:47" file="hyneo/internal/config.GetConfig.func1()"
time="2022-08-21T11:31:03+09:00" level=info msg="read application config" func="config.go:47" file="hyneo/internal/config.GetConfig.func1()"
time="2022-08-21T11:31:23+09:00" level=info msg="read application config" func="config.go:47" file="hyneo/internal/config.GetConfig.func1()"
time="2022-08-21T11:38:51+09:00" level=info msg="read application config" func="config.go:47" file="hyneo/internal/config.GetConfig.func1()"
time="2022-08-21T11:39:57+09:00" level=info msg="read application config" func="config.go:47" file="hyneo/internal/config.GetConfig.func1()"
time="2022-08-21T11:41:30+09:00" level=info msg="read application config" func="config.go:47" file="hyneo/internal/config.GetConfig.func1()"
time="2022-08-21T11:43:06+09:00" level=info msg="read application config" func="config.go:47" file="hyneo/internal/config.GetConfig.func1()"
time="2022-08-21T11:43:40+09:00" level=info msg="read application config" func="config.go:47" file="hyneo/internal/config.GetConfig.func1()"
time="2022-08-21T11:46:52+09:00" level=info msg="read application config" func="config.go:47" file="hyneo/internal/config.GetConfig.func1()"
time="2022-08-21T11:49:16+09:00" level=info msg="read application config" func="config.go:47" file="hyneo/internal/config.GetConfig.func1()"
time="2022-08-21T11:50:23+09:00" level=info msg="read application config" func="config.go:47" file="hyneo/internal/config.GetConfig.func1()"
time="2022-08-21T11:50:53+09:00" level=info msg="read application config" func="config.go:47" file="hyneo/internal/config.GetConfig.func1()"
time="2022-08-21T11:51:14+09:00" level=info msg="read application config" func="config.go:47" file="hyneo/internal/config.GetConfig.func1()"
time="2022-08-21T11:55:26+09:00" level=info msg="read application config" func="config.go:47" file="hyneo/internal/config.GetConfig.func1()"
time="2022-08-21T11:56:28+09:00" level=info msg="read application config" func="config.go:47" file="hyneo/internal/config.GetConfig.func1()"
time="2022-08-21T11:56:41+09:00" level=info msg="read application config" func="config.go:47" file="hyneo/internal/config.GetConfig.func1()"
time="2022-08-21T11:56:50+09:00" level=info msg="read application config" func="config.go:47" file="hyneo/internal/config.GetConfig.func1()"
time="2022-08-21T11:57:30+09:00" level=info msg="read application config" func="config.go:47" file="hyneo/internal/config.GetConfig.func1()"
time="2022-08-21T11:57:44+09:00" level=info msg="read application config" func="config.go:47" file="hyneo/internal/config.GetConfig.func1()"
time="2022-08-21T11:58:11+09:00" level=info msg="read application config" func="config.go:47" file="hyneo/internal/config.GetConfig.func1()"
time="2022-08-21T11:59:37+09:00" level=info msg="read application config" func="config.go:47" file="hyneo/internal/config.GetConfig.func1()"
time="2022-08-21T12:01:08+09:00" level=info msg="read application config" func="config.go:47" file="hyneo/internal/config.GetConfig.func1()"
time="2022-08-21T12:03:14+09:00" level=info msg="read application config" func="config.go:47" file="hyneo/internal/config.GetConfig.func1()"
time="2022-08-21T12:05:49+09:00" level=info msg="read application config" func="config.go:47" file="hyneo/internal/config.GetConfig.func1()"
time="2022-08-21T12:06:37+09:00" level=info msg="read application config" func="config.go:47" file="hyneo/internal/config.GetConfig.func1()"
time="2022-08-21T12:07:08+09:00" level=info msg="read application config" func="config.go:47" file="hyneo/internal/config.GetConfig.func1()"
time="2022-08-21T12:09:19+09:00" level=info msg="read application config" func="config.go:47" file="hyneo/internal/config.GetConfig.func1()"
time="2022-08-21T12:10:30+09:00" level=info msg="read application config" func="config.go:47" file="hyneo/internal/config.GetConfig.func1()"
time="2022-08-21T12:12:07+09:00" level=info msg="read application config" func="config.go:47" file="hyneo/internal/config.GetConfig.func1()"
time="2022-08-21T12:18:29+09:00" level=info msg="read application config" func="config.go:47" file="hyneo/internal/config.GetConfig.func1()"
time="2022-08-22T21:15:50+09:00" level=info msg="read application config" func="config.go:47" file="hyneo/internal/config.GetConfig.func1()"
time="2022-08-22T21:17:45+09:00" level=info msg="read application config" func="config.go:47" file="hyneo/internal/config.GetConfig.func1()"
time="2022-08-22T21:18:05+09:00" level=info msg="read application config" func="config.go:47" file="hyneo/internal/config.GetConfig.func1()"
time="2022-08-22T21:19:31+09:00" level=info msg="read application config" func="config.go:47" file="hyneo/internal/config.GetConfig.func1()"
time="2022-08-22T21:20:33+09:00" level=info msg="read application config" func="config.go:47" file="hyneo/internal/config.GetConfig.func1()"
time="2022-08-22T21:22:27+09:00" level=info msg="read application config" func="config.go:47" file="hyneo/internal/config.GetConfig.func1()"
time="2022-08-22T21:25:42+09:00" level=info msg="read application config" func="config.go:47" file="hyneo/internal/config.GetConfig.func1()"
time="2022-08-22T21:26:58+09:00" level=info msg="read application config" func="config.go:47" file="hyneo/internal/config.GetConfig.func1()"
time="2022-08-22T21:29:00+09:00" level=info msg="read application config" func="config.go:47" file="hyneo/internal/config.GetConfig.func1()"
time="2022-08-22T22:17:38+09:00" level=info msg="read application config" func="config.go:47" file="hyneo/internal/config.GetConfig.func1()"
time="2022-08-22T22:21:37+09:00" level=info msg="read application config" func="config.go:47" file="hyneo/internal/config.GetConfig.func1()"
time="2022-08-22T22:22:21+09:00" level=info msg="read application config" func="config.go:47" file="hyneo/internal/config.GetConfig.func1()"
time="2022-08-22T22:24:11+09:00" level=info msg="read application config" func="config.go:47" file="hyneo/internal/config.GetConfig.func1()"
time="2022-08-22T22:25:01+09:00" level=info msg="read application config" func="config.go:47" file="hyneo/internal/config.GetConfig.func1()"
time="2022-08-22T22:26:22+09:00" level=info msg="read application config" func="config.go:47" file="hyneo/internal/config.GetConfig.func1()"
time="2022-08-22T22:27:12+09:00" level=info msg="read application config" func="config.go:47" file="hyneo/internal/config.GetConfig.func1()"
time="2022-08-22T22:27:47+09:00" level=info msg="read application config" func="config.go:47" file="hyneo/internal/config.GetConfig.func1()"
time="2022-08-22T22:28:03+09:00" level=info msg="read application config" func="config.go:47" file="hyneo/internal/config.GetConfig.func1()"
time="2022-09-09T20:46:57+09:00" level=info msg="read application config" func="config.go:63" file="hyneo/internal/config.GetConfig.func1()"
time="2022-09-11T17:09:20+09:00" level=info msg="read application config" func="config.go:63" file="hyneo/internal/config.GetConfig.func1()"
time="2022-09-11T18:07:05+09:00" level=info msg="read application config" func="config.go:63" file="hyneo/internal/config.GetConfig.func1()"
time="2022-09-22T21:10:45+09:00" level=info msg="read application config" func="config.go:63" file="hyneo/internal/config.GetConfig.func1()"
time="2022-09-22T21:11:15+09:00" level=info msg="read application config" func="config.go:63" file="hyneo/internal/config.GetConfig.func1()"
time="2022-09-22T21:11:15+09:00" level=fatal msg="WRONGPASS invalid username-password pair or user is disabled." func="main.go:29" file="main.main()"
time="2022-09-22T21:12:14+09:00" level=info msg="read application config" func="config.go:63" file="hyneo/internal/config.GetConfig.func1()"
time="2022-09-22T21:12:14+09:00" level=info msg="Register services" func="main.go:35" file="main.main()"
time="2022-09-22T21:12:15+09:00" level=info msg="Run LongPoll VK" func="services.go:42" file="main.runVKLongServer()"
time="2022-09-22T21:12:15+09:00" level=info msg="Authorized on account TestHyneoBot" func="services.go:68" file="main.runTGServer()"
time="2022-09-22T21:12:15+09:00" level=info msg="Run Listen message Telegram" func="services.go:71" file="main.runTGServer()"
time="2022-09-22T21:12:15+09:00" level=info msg="Register commands" func="main.go:38" file="main.main()"
time="2022-09-22T21:12:15+09:00" level=info msg="Run GRPC Server" func="main.go:40" file="main.main()"
time="2022-09-22T21:13:34+09:00" level=error msg="record not found" func="service.go:71" file="hyneo/internal/social/services/telegram.(*telegramService).GetUser()"
time="2022-09-22T21:16:23+09:00" level=error msg="Forbidden: bot can't send messages to bots" func="service.go:127" file="hyneo/internal/social/services/telegram.(*telegramService).AccountKeyboard()"
time="2022-09-22T21:16:39+09:00" level=error msg="Forbidden: bot can't send messages to bots" func="service.go:127" file="hyneo/internal/social/services/telegram.(*telegramService).AccountKeyboard()"
time="2022-09-22T21:16:53+09:00" level=error msg="record not found" func="service.go:71" file="hyneo/internal/social/services/telegram.(*telegramService).GetUser()"
time="2022-09-22T21:17:12+09:00" level=error msg="Forbidden: bot can't send messages to bots" func="service.go:127" file="hyneo/internal/social/services/telegram.(*telegramService).AccountKeyboard()"
time="2022-09-22T21:19:10+09:00" level=info msg="read application config" func="config.go:63" file="hyneo/internal/config.GetConfig.func1()"
time="2022-09-22T21:19:10+09:00" level=info msg="Register services" func="main.go:35" file="main.main()"
time="2022-09-22T21:19:12+09:00" level=info msg="Run LongPoll VK" func="services.go:42" file="main.runVKLongServer()"
time="2022-09-22T21:19:12+09:00" level=info msg="Authorized on account TestHyneoBot" func="services.go:68" file="main.runTGServer()"
time="2022-09-22T21:19:12+09:00" level=info msg="Run Listen message Telegram" func="services.go:71" file="main.runTGServer()"
time="2022-09-22T21:19:12+09:00" level=info msg="Register commands" func="main.go:38" file="main.main()"
time="2022-09-22T21:19:12+09:00" level=info msg="Run GRPC Server" func="main.go:40" file="main.main()"
time="2022-09-22T21:19:30+09:00" level=error msg="Bad Request: field \"inline_keyboard\" of the InlineKeyboardMarkup must be an Array" func="service.go:187" file="hyneo/internal/social/services/telegram.(*telegramService).SendKeyboard()"
time="2022-09-22T21:21:05+09:00" level=info msg="read application config" func="config.go:63" file="hyneo/internal/config.GetConfig.func1()"
time="2022-09-22T21:21:05+09:00" level=info msg="Register services" func="main.go:35" file="main.main()"
time="2022-09-22T21:21:05+09:00" level=info msg="Run LongPoll VK" func="services.go:42" file="main.runVKLongServer()"
time="2022-09-22T21:21:06+09:00" level=info msg="Authorized on account TestHyneoBot" func="services.go:68" file="main.runTGServer()"
time="2022-09-22T21:21:06+09:00" level=info msg="Run Listen message Telegram" func="services.go:71" file="main.runTGServer()"
time="2022-09-22T21:21:06+09:00" level=info msg="Register commands" func="main.go:38" file="main.main()"
time="2022-09-22T21:21:06+09:00" level=info msg="Run GRPC Server" func="main.go:40" file="main.main()"
time="2022-09-22T21:21:47+09:00" level=info msg="read application config" func="config.go:63" file="hyneo/internal/config.GetConfig.func1()"
time="2022-09-22T21:21:47+09:00" level=info msg="Register services" func="main.go:35" file="main.main()"
time="2022-09-22T21:21:48+09:00" level=info msg="Run LongPoll VK" func="services.go:42" file="main.runVKLongServer()"
time="2022-09-22T21:21:48+09:00" level=info msg="Authorized on account TestHyneoBot" func="services.go:68" file="main.runTGServer()"
time="2022-09-22T21:21:48+09:00" level=info msg="Run Listen message Telegram" func="services.go:71" file="main.runTGServer()"
time="2022-09-22T21:21:48+09:00" level=info msg="Register commands" func="main.go:38" file="main.main()"
time="2022-09-22T21:21:48+09:00" level=info msg="Run GRPC Server" func="main.go:40" file="main.main()"
time="2022-09-22T21:22:14+09:00" level=error msg="record not found" func="service.go:84" file="hyneo/internal/social/services/telegram.(*telegramService).GetMCUser()"
time="2022-09-22T21:23:30+09:00" level=info msg="read application config" func="config.go:63" file="hyneo/internal/config.GetConfig.func1()"
time="2022-09-22T21:23:31+09:00" level=info msg="Register services" func="main.go:35" file="main.main()"
time="2022-09-22T21:23:31+09:00" level=info msg="Run LongPoll VK" func="services.go:42" file="main.runVKLongServer()"
time="2022-09-22T21:23:32+09:00" level=info msg="Authorized on account TestHyneoBot" func="services.go:68" file="main.runTGServer()"
time="2022-09-22T21:23:32+09:00" level=info msg="Run Listen message Telegram" func="services.go:71" file="main.runTGServer()"
time="2022-09-22T21:23:32+09:00" level=info msg="Register commands" func="main.go:38" file="main.main()"
time="2022-09-22T21:23:32+09:00" level=info msg="Run GRPC Server" func="main.go:40" file="main.main()"
time="2022-09-22T21:23:44+09:00" level=info msg="read application config" func="config.go:63" file="hyneo/internal/config.GetConfig.func1()"
time="2022-09-22T21:23:44+09:00" level=info msg="Register services" func="main.go:35" file="main.main()"
time="2022-09-22T21:23:44+09:00" level=info msg="Run LongPoll VK" func="services.go:42" file="main.runVKLongServer()"
time="2022-09-22T21:23:45+09:00" level=info msg="Authorized on account TestHyneoBot" func="services.go:68" file="main.runTGServer()"
time="2022-09-22T21:23:45+09:00" level=info msg="Run Listen message Telegram" func="services.go:71" file="main.runTGServer()"
time="2022-09-22T21:23:45+09:00" level=info msg="Register commands" func="main.go:38" file="main.main()"
time="2022-09-22T21:23:45+09:00" level=info msg="Run GRPC Server" func="main.go:40" file="main.main()"
time="2022-09-22T21:24:00+09:00" level=info msg="read application config" func="config.go:63" file="hyneo/internal/config.GetConfig.func1()"
time="2022-09-22T21:24:00+09:00" level=info msg="Register services" func="main.go:35" file="main.main()"
time="2022-09-22T21:24:01+09:00" level=info msg="Run LongPoll VK" func="services.go:42" file="main.runVKLongServer()"
time="2022-09-22T21:24:01+09:00" level=info msg="Authorized on account TestHyneoBot" func="services.go:68" file="main.runTGServer()"
time="2022-09-22T21:24:01+09:00" level=info msg="Run Listen message Telegram" func="services.go:71" file="main.runTGServer()"
time="2022-09-22T21:24:01+09:00" level=info msg="Register commands" func="main.go:38" file="main.main()"
time="2022-09-22T21:24:01+09:00" level=info msg="Run GRPC Server" func="main.go:40" file="main.main()"
time="2022-09-22T21:26:07+09:00" level=info msg="read application config" func="config.go:63" file="hyneo/internal/config.GetConfig.func1()"
time="2022-09-22T21:26:07+09:00" level=info msg="Register services" func="main.go:35" file="main.main()"
time="2022-09-22T21:26:08+09:00" level=info msg="Run LongPoll VK" func="services.go:42" file="main.runVKLongServer()"
time="2022-09-22T21:26:08+09:00" level=info msg="Authorized on account TestHyneoBot" func="services.go:68" file="main.runTGServer()"
time="2022-09-22T21:26:08+09:00" level=info msg="Run Listen message Telegram" func="services.go:71" file="main.runTGServer()"
time="2022-09-22T21:26:08+09:00" level=info msg="Register commands" func="main.go:38" file="main.main()"
time="2022-09-22T21:26:08+09:00" level=info msg="Run GRPC Server" func="main.go:40" file="main.main()"
time="2022-09-22T21:26:26+09:00" level=info msg="read application config" func="config.go:63" file="hyneo/internal/config.GetConfig.func1()"
time="2022-09-22T21:26:26+09:00" level=info msg="Register services" func="main.go:35" file="main.main()"
time="2022-09-22T21:26:27+09:00" level=info msg="Run LongPoll VK" func="services.go:42" file="main.runVKLongServer()"
time="2022-09-22T21:26:27+09:00" level=info msg="Authorized on account TestHyneoBot" func="services.go:68" file="main.runTGServer()"
time="2022-09-22T21:26:27+09:00" level=info msg="Run Listen message Telegram" func="services.go:71" file="main.runTGServer()"
time="2022-09-22T21:26:27+09:00" level=info msg="Register commands" func="main.go:38" file="main.main()"
time="2022-09-22T21:26:27+09:00" level=info msg="Run GRPC Server" func="main.go:40" file="main.main()"
time="2022-09-22T21:26:57+09:00" level=info msg="read application config" func="config.go:63" file="hyneo/internal/config.GetConfig.func1()"
time="2022-09-22T21:26:57+09:00" level=info msg="Register services" func="main.go:35" file="main.main()"
time="2022-09-22T21:26:58+09:00" level=info msg="Run LongPoll VK" func="services.go:42" file="main.runVKLongServer()"
time="2022-09-22T21:26:58+09:00" level=info msg="Authorized on account TestHyneoBot" func="services.go:68" file="main.runTGServer()"
time="2022-09-22T21:26:58+09:00" level=info msg="Run Listen message Telegram" func="services.go:71" file="main.runTGServer()"
time="2022-09-22T21:26:58+09:00" level=info msg="Register commands" func="main.go:38" file="main.main()"
time="2022-09-22T21:26:58+09:00" level=info msg="Run GRPC Server" func="main.go:40" file="main.main()"
time="2022-09-22T21:27:53+09:00" level=info msg="read application config" func="config.go:63" file="hyneo/internal/config.GetConfig.func1()"
time="2022-09-22T21:27:53+09:00" level=info msg="Register services" func="main.go:35" file="main.main()"
time="2022-09-22T21:27:53+09:00" level=info msg="Run LongPoll VK" func="services.go:42" file="main.runVKLongServer()"
time="2022-09-22T21:27:54+09:00" level=info msg="Authorized on account TestHyneoBot" func="services.go:68" file="main.runTGServer()"
time="2022-09-22T21:27:54+09:00" level=info msg="Run Listen message Telegram" func="services.go:71" file="main.runTGServer()"
time="2022-09-22T21:27:54+09:00" level=info msg="Register commands" func="main.go:38" file="main.main()"
time="2022-09-22T21:27:54+09:00" level=info msg="Run GRPC Server" func="main.go:40" file="main.main()"
time="2022-09-22T21:27:55+09:00" level=error msg="record not found" func="service.go:71" file="hyneo/internal/social/services/telegram.(*telegramService).GetUser()"
time="2022-09-22T21:29:08+09:00" level=info msg="read application config" func="config.go:63" file="hyneo/internal/config.GetConfig.func1()"
time="2022-09-22T21:29:08+09:00" level=info msg="Register services" func="main.go:35" file="main.main()"
time="2022-09-22T21:29:09+09:00" level=info msg="Run LongPoll VK" func="services.go:42" file="main.runVKLongServer()"
time="2022-09-22T21:29:09+09:00" level=info msg="Authorized on account TestHyneoBot" func="services.go:68" file="main.runTGServer()"
time="2022-09-22T21:29:09+09:00" level=info msg="Run Listen message Telegram" func="services.go:71" file="main.runTGServer()"
time="2022-09-22T21:29:09+09:00" level=info msg="Register commands" func="main.go:38" file="main.main()"
time="2022-09-22T21:29:09+09:00" level=info msg="Run GRPC Server" func="main.go:40" file="main.main()"
time="2022-09-22T21:29:28+09:00" level=error msg="record not found" func="service.go:71" file="hyneo/internal/social/services/telegram.(*telegramService).GetUser()"
time="2023-01-07T23:34:32+09:00" level=info msg="read application config" func="config.go:63" file="hyneo/internal/config.GetConfig.func1()"
time="2023-01-07T23:48:12+09:00" level=info msg="read application config" func="config.go:63" file="hyneo/internal/config.GetConfig.func1()"
time="2023-02-14T15:57:36+09:00" level=info msg="read application config" func="config.go:63" file="hyneo/internal/config.GetConfig.func1()"
time="2023-02-14T15:57:39+09:00" level=fatal msg="WRONGPASS invalid username-password pair or user is disabled." func="main.go:33" file="main.main()"
time="2023-02-14T15:58:02+09:00" level=info msg="read application config" func="config.go:63" file="hyneo/internal/config.GetConfig.func1()"
time="2023-02-14T15:58:11+09:00" level=info msg="Register services" func="main.go:39" file="main.main()"
time="2023-02-14T15:58:11+09:00" level=info msg="Run LongPoll VK" func="services.go:51" file="main.runVKLongServer()"
time="2023-02-14T15:58:12+09:00" level=info msg="Authorized on account TestHyneoBot" func="services.go:79" file="main.runTGServer()"
time="2023-02-14T15:58:12+09:00" level=info msg="Run Listen message Telegram" func="services.go:82" file="main.runTGServer()"
time="2023-02-14T15:58:12+09:00" level=info msg="Register commands" func="main.go:49" file="main.main()"
time="2023-02-14T15:58:12+09:00" level=info msg="Run GRPC Server to 9000" func="main.go:51" file="main.main()"
time="2023-02-14T16:02:03+09:00" level=info msg="read application config" func="config.go:63" file="hyneo/internal/config.GetConfig.func1()"
time="2023-02-14T16:02:12+09:00" level=info msg="Register services" func="main.go:39" file="main.main()"
time="2023-02-14T16:02:18+09:00" level=info msg="Run LongPoll VK" func="services.go:51" file="main.runVKLongServer()"
time="2023-02-14T16:02:19+09:00" level=info msg="Authorized on account TestHyneoBot" func="services.go:79" file="main.runTGServer()"
time="2023-02-14T16:02:19+09:00" level=info msg="Run Listen message Telegram" func="services.go:82" file="main.runTGServer()"
time="2023-02-14T16:02:19+09:00" level=info msg="Register commands" func="main.go:49" file="main.main()"
time="2023-02-14T16:02:19+09:00" level=info msg="Run GRPC Server to 9000" func="main.go:51" file="main.main()"
time="2023-02-14T16:03:21+09:00" level=info msg="read application config" func="config.go:63" file="hyneo/internal/config.GetConfig.func1()"
time="2023-02-14T16:03:30+09:00" level=info msg="Register services" func="main.go:39" file="main.main()"
time="2023-02-14T16:03:30+09:00" level=info msg="Run LongPoll VK" func="services.go:50" file="main.runVKLongServer()"
time="2023-02-14T16:03:30+09:00" level=info msg="Authorized on account TestHyneoBot" func="services.go:78" file="main.runTGServer()"
time="2023-02-14T16:03:30+09:00" level=info msg="Run Listen message Telegram" func="services.go:81" file="main.runTGServer()"
time="2023-02-14T16:03:30+09:00" level=info msg="Register commands" func="main.go:49" file="main.main()"
time="2023-02-14T16:03:30+09:00" level=info msg="Run GRPC Server to 9000" func="main.go:51" file="main.main()"
time="2023-02-14T16:05:40+09:00" level=info msg="read application config" func="config.go:63" file="hyneo/internal/config.GetConfig.func1()"
time="2023-02-14T16:05:40+09:00" level=info msg="Register services" func="main.go:39" file="main.main()"
time="2023-02-14T16:05:40+09:00" level=info msg="Run LongPoll VK" func="services.go:50" file="main.runVKLongServer()"
time="2023-02-14T16:05:41+09:00" level=info msg="Authorized on account TestHyneoBot" func="services.go:78" file="main.runTGServer()"
time="2023-02-14T16:05:41+09:00" level=info msg="Run Listen message Telegram" func="services.go:81" file="main.runTGServer()"
time="2023-02-14T16:05:41+09:00" level=info msg="Register commands" func="main.go:49" file="main.main()"
time="2023-02-14T16:05:41+09:00" level=info msg="Run GRPC Server to 9000" func="main.go:51" file="main.main()"
time="2023-02-14T16:09:39+09:00" level=error msg="record not found" func="service.go:23" file="hyneo/internal/user.(*UserService).GetUser()"
time="2023-02-14T16:09:52+09:00" level=info msg="read application config" func="config.go:63" file="hyneo/internal/config.GetConfig.func1()"
time="2023-02-14T16:10:13+09:00" level=info msg="read application config" func="config.go:63" file="hyneo/internal/config.GetConfig.func1()"
time="2023-02-14T16:10:21+09:00" level=info msg="Register services" func="main.go:39" file="main.main()"
time="2023-02-14T16:10:21+09:00" level=info msg="Run LongPoll VK" func="services.go:50" file="main.runVKLongServer()"
time="2023-02-14T16:10:22+09:00" level=info msg="Authorized on account TestHyneoBot" func="services.go:78" file="main.runTGServer()"
time="2023-02-14T16:10:22+09:00" level=info msg="Run Listen message Telegram" func="services.go:81" file="main.runTGServer()"
time="2023-02-14T16:10:22+09:00" level=info msg="Register commands" func="main.go:49" file="main.main()"
time="2023-02-14T16:10:22+09:00" level=info msg="Run GRPC Server to 9000" func="main.go:51" file="main.main()"
time="2023-02-14T16:12:05+09:00" level=info msg="read application config" func="config.go:63" file="hyneo/internal/config.GetConfig.func1()"
time="2023-02-14T16:12:14+09:00" level=info msg="Register services" func="main.go:39" file="main.main()"
time="2023-02-14T16:12:14+09:00" level=info msg="Run LongPoll VK" func="services.go:50" file="main.runVKLongServer()"
time="2023-02-14T16:12:14+09:00" level=info msg="Authorized on account TestHyneoBot" func="services.go:78" file="main.runTGServer()"
time="2023-02-14T16:12:14+09:00" level=info msg="Run Listen message Telegram" func="services.go:81" file="main.runTGServer()"
time="2023-02-14T16:12:14+09:00" level=info msg="Register commands" func="main.go:49" file="main.main()"
time="2023-02-14T16:12:14+09:00" level=info msg="Run GRPC Server to 9000" func="main.go:51" file="main.main()"
time="2023-02-14T16:12:29+09:00" level=info msg="&{6 suro4ek $SHA$7934507277357065$ed5a947f4ba2c9553c75f54a6ecdbf07ee9bb131b4c512c8260caa7f994629ad  195.2.71.41 2023-02-15 06:05:20.233 +0900 +09 2023-02-14 06:05:20.244 +0900 +09  false }" func="mc.go:107" file="hyneo/internal/auth/mc/service.(*service).Logout()"
time="2023-02-14T16:12:29+09:00" level=info msg="&{6 suro4ek $SHA$7934507277357065$ed5a947f4ba2c9553c75f54a6ecdbf07ee9bb131b4c512c8260caa7f994629ad  195.2.71.41 2023-02-15 06:05:20.233 +0900 +09 2023-02-14 06:05:20.244 +0900 +09  true }" func="mc.go:108" file="hyneo/internal/auth/mc/service.(*service).Logout()"
time="2023-02-14T16:17:13+09:00" level=info msg="read application config" func="config.go:63" file="hyneo/internal/config.GetConfig.func1()"
time="2023-02-14T16:17:27+09:00" level=info msg="read application config" func="config.go:63" file="hyneo/internal/config.GetConfig.func1()"
time="2023-02-14T16:18:21+09:00" level=info msg="Register services" func="main.go:39" file="main.main()"
time="2023-02-14T16:18:21+09:00" level=info msg="Run LongPoll VK" func="services.go:50" file="main.runVKLongServer()"
time="2023-02-14T16:18:22+09:00" level=info msg="Authorized on account TestHyneoBot" func="services.go:78" file="main.runTGServer()"
time="2023-02-14T16:18:22+09:00" level=info msg="Run Listen message Telegram" func="services.go:81" file="main.runTGServer()"
time="2023-02-14T16:18:22+09:00" level=info msg="Register commands" func="main.go:49" file="main.main()"
time="2023-02-14T16:18:22+09:00" level=info msg="Run GRPC Server to 9000" func="main.go:51" file="main.main()"
time="2023-02-14T16:18:29+09:00" level=info msg="&{6 suro4ek $SHA$7934507277357065$ed5a947f4ba2c9553c75f54a6ecdbf07ee9bb131b4c512c8260caa7f994629ad  195.2.71.41 2023-02-15 06:05:20.233 +0900 +09 2023-02-14 06:05:20.244 +0900 +09  false }" func="mc.go:107" file="hyneo/internal/auth/mc/service.(*service).Logout()"
time="2023-02-14T16:18:29+09:00" level=info msg="&{6 suro4ek $SHA$7934507277357065$ed5a947f4ba2c9553c75f54a6ecdbf07ee9bb131b4c512c8260caa7f994629ad  195.2.71.41 2023-02-15 06:05:20.233 +0900 +09 2023-02-14 06:05:20.244 +0900 +09  false }" func="mc.go:108" file="hyneo/internal/auth/mc/service.(*service).Logout()"
